<?xml version="1.0" encoding="UTF-8"?>
<testng-results ignored="0" total="1" passed="1" failed="0" skipped="0">
  <reporter-output>
  </reporter-output>
  <suite started-at="2023-08-05T13:25:46 IST" name="Default suite" finished-at="2023-08-05T13:25:55 IST" duration-ms="8912">
    <groups>
    </groups>
    <test started-at="2023-08-05T13:25:46 IST" name="Default test" finished-at="2023-08-05T13:25:55 IST" duration-ms="8912">
      <class name="testcases.TestOne">
        <test-method signature="BasicTest()[pri:0, instance:testcases.TestOne@1ca3b418]" started-at="2023-08-05T13:25:46 IST" name="BasicTest" finished-at="2023-08-05T13:25:55 IST" duration-ms="8839" status="PASS">
          <reporter-output>
          </reporter-output>
        </test-method> <!-- BasicTest -->
      </class> <!-- testcases.TestOne -->
    </test> <!-- Default test -->
  </suite> <!-- Default suite -->
</testng-results>
